#
# There is insufficient memory for the Java Runtime Environment to continue.
# Native memory allocation (malloc) failed to allocate 761616 bytes for Chunk::new
# Possible reasons:
#   The system is out of physical RAM or swap space
#   The process is running with CompressedOops enabled, and the Java Heap may be blocking the growth of the native heap
# Possible solutions:
#   Reduce memory load on the system
#   Increase physical memory or swap space
#   Check if swap backing store is full
#   Decrease Java heap size (-Xmx/-Xms)
#   Decrease number of Java threads
#   Decrease Java thread stack sizes (-Xss)
#   Set larger code cache with -XX:ReservedCodeCacheSize=
#   JVM is running with Zero Based Compressed Oops mode in which the Java heap is
#     placed in the first 32GB address space. The Java Heap base address is the
#     maximum limit for the native heap growth. Please use -XX:HeapBaseMinAddress
#     to set the Java Heap base and to place the Java Heap above 32GB virtual address.
# This output file may be truncated or incomplete.
#
#  Out of Memory Error (./src/hotspot/share/memory/arena.cpp:197), pid=20920, tid=34076
#
# JRE version: OpenJDK Runtime Environment AdoptOpenJDK (11.0.10+9) (build 11.0.10+9)
# Java VM: OpenJDK 64-Bit Server VM AdoptOpenJDK (11.0.10+9, mixed mode, tiered, compressed oops, g1 gc, windows-amd64)
# No core dump will be written. Minidumps are not enabled by default on client versions of Windows
#

---------------  S U M M A R Y ------------

Command Line: -javaagent:C:\Program Files\JetBrains\IntelliJ IDEA Community Edition 2020.3.2\lib\idea_rt.jar=63628:C:\Program Files\JetBrains\IntelliJ IDEA Community Edition 2020.3.2\bin -Dfile.encoding=UTF-8 com.techelevator.Application

Host: 11th Gen Intel(R) Core(TM) i7-1185G7 @ 3.00GHz, 8 cores, 15G,  Windows 10 , 64 bit Build 19041 (10.0.19041.1348)
Time: Thu Dec  9 12:40:54 2021 Eastern Standard Time elapsed time: 62.194987 seconds (0d 0h 1m 2s)

---------------  T H R E A D  ---------------

Current thread (0x000001853daf6800):  JavaThread "C2 CompilerThread0" daemon [_thread_in_native, id=34076, stack(0x0000004a27700000,0x0000004a27800000)]


Current CompileTask:
C2:  62195 4301       4       java.util.jar.JarFile::getManifest (5 bytes)

Stack: [0x0000004a27700000,0x0000004a27800000]
Native frames: (J=compiled Java code, j=interpreted, Vv=VM code, C=native code)
V  [jvm.dll+0x5f35ea]
V  [jvm.dll+0x77c65e]
V  [jvm.dll+0x77dd2f]
V  [jvm.dll+0x77e3f3]
V  [jvm.dll+0x246c38]
V  [jvm.dll+0xbe6cc]
V  [jvm.dll+0xbedcc]
V  [jvm.dll+0x34bf92]
V  [jvm.dll+0x319e33]
V  [jvm.dll+0x31916a]
V  [jvm.dll+0x200525]
V  [jvm.dll+0x1ff70f]
V  [jvm.dll+0x1846bc]
V  [jvm.dll+0x20ec37]
V  [jvm.dll+0x20ce1b]
V  [jvm.dll+0x740b39]
V  [jvm.dll+0x739ba4]
V  [jvm.dll+0x5f2466]
C  [ucrtbase.dll+0x21bb2]
C  [KERNEL32.DLL+0x17034]
C  [ntdll.dll+0x52651]


---------------  P R O C E S S  ---------------

Threads class SMR info:
_java_thread_list=0x00000185426578a0, length=33, elements={
0x000001853da95800, 0x000001853daa1000, 0x000001853daee800, 0x000001853daf1800,
0x000001853daf3000, 0x000001853daf6800, 0x000001853db0f000, 0x000001853db18800,
0x000001853dc6d800, 0x000001853e02b800, 0x000001853f7ed000, 0x000001853f7ed800,
0x000001853f7ee800, 0x000001853f7ef800, 0x0000018546298800, 0x0000018546296000,
0x0000018546299800, 0x0000018546297800, 0x0000018546294800, 0x0000018546295800,
0x0000018546293000, 0x0000018546293800, 0x000001854629c000, 0x000001854629c800,
0x000001854629d800, 0x000001854629b000, 0x000001854629e000, 0x00000185462a0000,
0x000001854629f000, 0x000001854629a000, 0x00000185462a0800, 0x00000185452df800,
0x0000018546434800
}

Java Threads: ( => current thread )
  0x000001853da95800 JavaThread "Reference Handler" daemon [_thread_blocked, id=14144, stack(0x0000004a27200000,0x0000004a27300000)]
  0x000001853daa1000 JavaThread "Finalizer" daemon [_thread_blocked, id=28432, stack(0x0000004a27300000,0x0000004a27400000)]
  0x000001853daee800 JavaThread "Signal Dispatcher" daemon [_thread_blocked, id=15376, stack(0x0000004a27400000,0x0000004a27500000)]
  0x000001853daf1800 JavaThread "Attach Listener" daemon [_thread_blocked, id=9840, stack(0x0000004a27500000,0x0000004a27600000)]
  0x000001853daf3000 JavaThread "Service Thread" daemon [_thread_blocked, id=31792, stack(0x0000004a27600000,0x0000004a27700000)]
=>0x000001853daf6800 JavaThread "C2 CompilerThread0" daemon [_thread_in_native, id=34076, stack(0x0000004a27700000,0x0000004a27800000)]
  0x000001853db0f000 JavaThread "C1 CompilerThread0" daemon [_thread_blocked, id=25344, stack(0x0000004a27800000,0x0000004a27900000)]
  0x000001853db18800 JavaThread "Sweeper thread" daemon [_thread_blocked, id=26408, stack(0x0000004a27900000,0x0000004a27a00000)]
  0x000001853dc6d800 JavaThread "Common-Cleaner" daemon [_thread_blocked, id=1292, stack(0x0000004a27a00000,0x0000004a27b00000)]
  0x000001853e02b800 JavaThread "Monitor Ctrl-Break" daemon [_thread_in_native, id=32464, stack(0x0000004a27c00000,0x0000004a27d00000)]
  0x000001853f7ed000 JavaThread "Catalina-utility-1" [_thread_blocked, id=18536, stack(0x0000004a28000000,0x0000004a28100000)]
  0x000001853f7ed800 JavaThread "Catalina-utility-2" [_thread_blocked, id=30348, stack(0x0000004a28a00000,0x0000004a28b00000)]
  0x000001853f7ee800 JavaThread "container-0" [_thread_blocked, id=552, stack(0x0000004a28b00000,0x0000004a28c00000)]
  0x000001853f7ef800 JavaThread "PostgreSQL-JDBC-SharedTimer-1" daemon [_thread_blocked, id=13756, stack(0x0000004a28d00000,0x0000004a28e00000)]
  0x0000018546298800 JavaThread "final_capstone housekeeper" daemon [_thread_blocked, id=17960, stack(0x0000004a28e00000,0x0000004a28f00000)]
  0x0000018546296000 JavaThread "File Watcher" daemon [_thread_blocked, id=34044, stack(0x0000004a28f00000,0x0000004a29000000)]
  0x0000018546299800 JavaThread "Live Reload Server" daemon [_thread_in_native, id=4728, stack(0x0000004a29100000,0x0000004a29200000)]
  0x0000018546297800 JavaThread "http-nio-8080-BlockPoller" daemon [_thread_in_native, id=10584, stack(0x0000004a29200000,0x0000004a29300000)]
  0x0000018546294800 JavaThread "http-nio-8080-exec-1" daemon [_thread_blocked, id=28872, stack(0x0000004a29300000,0x0000004a29400000)]
  0x0000018546295800 JavaThread "http-nio-8080-exec-2" daemon [_thread_blocked, id=34104, stack(0x0000004a29400000,0x0000004a29500000)]
  0x0000018546293000 JavaThread "http-nio-8080-exec-3" daemon [_thread_blocked, id=20728, stack(0x0000004a29500000,0x0000004a29600000)]
  0x0000018546293800 JavaThread "http-nio-8080-exec-4" daemon [_thread_blocked, id=32100, stack(0x0000004a29600000,0x0000004a29700000)]
  0x000001854629c000 JavaThread "http-nio-8080-exec-5" daemon [_thread_blocked, id=10012, stack(0x0000004a29700000,0x0000004a29800000)]
  0x000001854629c800 JavaThread "http-nio-8080-exec-6" daemon [_thread_blocked, id=10388, stack(0x0000004a29800000,0x0000004a29900000)]
  0x000001854629d800 JavaThread "http-nio-8080-exec-7" daemon [_thread_blocked, id=12140, stack(0x0000004a29900000,0x0000004a29a00000)]
  0x000001854629b000 JavaThread "http-nio-8080-exec-8" daemon [_thread_blocked, id=11880, stack(0x0000004a29a00000,0x0000004a29b00000)]
  0x000001854629e000 JavaThread "http-nio-8080-exec-9" daemon [_thread_blocked, id=31416, stack(0x0000004a29b00000,0x0000004a29c00000)]
  0x00000185462a0000 JavaThread "http-nio-8080-exec-10" daemon [_thread_blocked, id=29472, stack(0x0000004a29c00000,0x0000004a29d00000)]
  0x000001854629f000 JavaThread "http-nio-8080-ClientPoller" daemon [_thread_in_native, id=31420, stack(0x0000004a29d00000,0x0000004a29e00000)]
  0x000001854629a000 JavaThread "http-nio-8080-Acceptor" daemon [_thread_in_native, id=31896, stack(0x0000004a29e00000,0x0000004a29f00000)]
  0x00000185462a0800 JavaThread "DestroyJavaVM" [_thread_blocked, id=25496, stack(0x0000004a26b00000,0x0000004a26c00000)]
  0x00000185452df800 JavaThread "C2 CompilerThread1" daemon [_thread_blocked, id=24308, stack(0x0000004a26800000,0x0000004a26900000)]
  0x0000018546434800 JavaThread "C2 CompilerThread2" daemon [_thread_blocked, id=32188, stack(0x0000004a26900000,0x0000004a26a00000)]

Other Threads:
  0x000001853d1e4000 VMThread "VM Thread" [stack: 0x0000004a27100000,0x0000004a27200000] [id=14496]
  0x000001853e02d800 WatcherThread [stack: 0x0000004a27d00000,0x0000004a27e00000] [id=24148]
  0x00000185196d8000 GCTaskThread "GC Thread#0" [stack: 0x0000004a26c00000,0x0000004a26d00000] [id=28452]
  0x000001853e6c3000 GCTaskThread "GC Thread#1" [stack: 0x0000004a28100000,0x0000004a28200000] [id=34156]
  0x000001853eca1000 GCTaskThread "GC Thread#2" [stack: 0x0000004a28200000,0x0000004a28300000] [id=22172]
  0x000001853ec9d000 GCTaskThread "GC Thread#3" [stack: 0x0000004a28300000,0x0000004a28400000] [id=22124]
  0x000001853ec9e000 GCTaskThread "GC Thread#4" [stack: 0x0000004a28400000,0x0000004a28500000] [id=21292]
  0x000001853ecf2000 GCTaskThread "GC Thread#5" [stack: 0x0000004a28500000,0x0000004a28600000] [id=27812]
  0x000001853ecfa800 GCTaskThread "GC Thread#6" [stack: 0x0000004a28600000,0x0000004a28700000] [id=8248]
  0x000001853ecfb800 GCTaskThread "GC Thread#7" [stack: 0x0000004a28700000,0x0000004a28800000] [id=18552]
  0x0000018519734800 ConcurrentGCThread "G1 Main Marker" [stack: 0x0000004a26d00000,0x0000004a26e00000] [id=26488]
  0x0000018519737000 ConcurrentGCThread "G1 Conc#0" [stack: 0x0000004a26e00000,0x0000004a26f00000] [id=3560]
  0x000001853f506000 ConcurrentGCThread "G1 Conc#1" [stack: 0x0000004a28800000,0x0000004a28900000] [id=30032]
  0x000001853d0c7800 ConcurrentGCThread "G1 Refine#0" [stack: 0x0000004a26f00000,0x0000004a27000000] [id=4336]
  0x000001853d0c8800 ConcurrentGCThread "G1 Young RemSet Sampling" [stack: 0x0000004a27000000,0x0000004a27100000] [id=23728]

Threads with active compile tasks:
C2 CompilerThread0  62207 4301       4       java.util.jar.JarFile::getManifest (5 bytes)

VM state:not at safepoint (normal execution)

VM Mutex/Monitor currently owned by a thread: None

Heap address: 0x0000000704200000, size: 4030 MB, Compressed Oops mode: Zero based, Oop shift amount: 3
Narrow klass base: 0x0000000800000000, Narrow klass shift: 0
Compressed class space size: 1073741824 Address: 0x0000000800000000

Heap:
 garbage-first heap   total 258048K, used 118635K [0x0000000704200000, 0x0000000800000000)
  region size 1024K, 113 young (115712K), 8 survivors (8192K)
 Metaspace       used 47405K, capacity 48703K, committed 48972K, reserved 1091584K
  class space    used 5738K, capacity 6250K, committed 6272K, reserved 1048576K
Heap Regions: E=young(eden), S=young(survivor), O=old, HS=humongous(starts), HC=humongous(continues), CS=collection set, F=free, A=archive, TAMS=top-at-mark-start (previous, next)
|   0|0x0000000704200000, 0x0000000704300000, 0x0000000704300000|100%| O|  |TAMS 0x0000000704300000, 0x0000000704200000| Untracked 
|   1|0x0000000704300000, 0x0000000704400000, 0x0000000704400000|100%| O|  |TAMS 0x0000000704400000, 0x0000000704300000| Untracked 
|   2|0x0000000704400000, 0x0000000704500000, 0x0000000704500000|100%| O|  |TAMS 0x0000000704500000, 0x0000000704400000| Untracked 
|   3|0x0000000704500000, 0x0000000704600000, 0x0000000704600000|100%| O|  |TAMS 0x0000000704600000, 0x0000000704500000| Untracked 
|   4|0x0000000704600000, 0x000000070468bc00, 0x0000000704700000| 54%| O|  |TAMS 0x000000070468bc00, 0x0000000704600000| Untracked 
|   5|0x0000000704700000, 0x0000000704700000, 0x0000000704800000|  0%| F|  |TAMS 0x0000000704700000, 0x0000000704700000| Untracked 
|   6|0x0000000704800000, 0x0000000704800000, 0x0000000704900000|  0%| F|  |TAMS 0x0000000704800000, 0x0000000704800000| Untracked 
|   7|0x0000000704900000, 0x0000000704900000, 0x0000000704a00000|  0%| F|  |TAMS 0x0000000704900000, 0x0000000704900000| Untracked 
|   8|0x0000000704a00000, 0x0000000704a00000, 0x0000000704b00000|  0%| F|  |TAMS 0x0000000704a00000, 0x0000000704a00000| Untracked 
|   9|0x0000000704b00000, 0x0000000704b00000, 0x0000000704c00000|  0%| F|  |TAMS 0x0000000704b00000, 0x0000000704b00000| Untracked 
|  10|0x0000000704c00000, 0x0000000704c00000, 0x0000000704d00000|  0%| F|  |TAMS 0x0000000704c00000, 0x0000000704c00000| Untracked 
|  11|0x0000000704d00000, 0x0000000704d00000, 0x0000000704e00000|  0%| F|  |TAMS 0x0000000704d00000, 0x0000000704d00000| Untracked 
|  12|0x0000000704e00000, 0x0000000704e00000, 0x0000000704f00000|  0%| F|  |TAMS 0x0000000704e00000, 0x0000000704e00000| Untracked 
|  13|0x0000000704f00000, 0x0000000704f00000, 0x0000000705000000|  0%| F|  |TAMS 0x0000000704f00000, 0x0000000704f00000| Untracked 
|  14|0x0000000705000000, 0x0000000705000000, 0x0000000705100000|  0%| F|  |TAMS 0x0000000705000000, 0x0000000705000000| Untracked 
|  15|0x0000000705100000, 0x0000000705100000, 0x0000000705200000|  0%| F|  |TAMS 0x0000000705100000, 0x0000000705100000| Untracked 
|  16|0x0000000705200000, 0x0000000705200000, 0x0000000705300000|  0%| F|  |TAMS 0x0000000705200000, 0x0000000705200000| Untracked 
|  17|0x0000000705300000, 0x0000000705300000, 0x0000000705400000|  0%| F|  |TAMS 0x0000000705300000, 0x0000000705300000| Untracked 
|  18|0x0000000705400000, 0x0000000705400000, 0x0000000705500000|  0%| F|  |TAMS 0x0000000705400000, 0x0000000705400000| Untracked 
|  19|0x0000000705500000, 0x0000000705500000, 0x0000000705600000|  0%| F|  |TAMS 0x0000000705500000, 0x0000000705500000| Untracked 
|  20|0x0000000705600000, 0x0000000705600000, 0x0000000705700000|  0%| F|  |TAMS 0x0000000705600000, 0x0000000705600000| Untracked 
|  21|0x0000000705700000, 0x0000000705700000, 0x0000000705800000|  0%| F|  |TAMS 0x0000000705700000, 0x0000000705700000| Untracked 
|  22|0x0000000705800000, 0x0000000705800000, 0x0000000705900000|  0%| F|  |TAMS 0x0000000705800000, 0x0000000705800000| Untracked 
|  23|0x0000000705900000, 0x0000000705900000, 0x0000000705a00000|  0%| F|  |TAMS 0x0000000705900000, 0x0000000705900000| Untracked 
|  24|0x0000000705a00000, 0x0000000705a00000, 0x0000000705b00000|  0%| F|  |TAMS 0x0000000705a00000, 0x0000000705a00000| Untracked 
|  25|0x0000000705b00000, 0x0000000705b00000, 0x0000000705c00000|  0%| F|  |TAMS 0x0000000705b00000, 0x0000000705b00000| Untracked 
|  26|0x0000000705c00000, 0x0000000705c00000, 0x0000000705d00000|  0%| F|  |TAMS 0x0000000705c00000, 0x0000000705c00000| Untracked 
|  27|0x0000000705d00000, 0x0000000705d00000, 0x0000000705e00000|  0%| F|  |TAMS 0x0000000705d00000, 0x0000000705d00000| Untracked 
|  28|0x0000000705e00000, 0x0000000705e00000, 0x0000000705f00000|  0%| F|  |TAMS 0x0000000705e00000, 0x0000000705e00000| Untracked 
|  29|0x0000000705f00000, 0x0000000705f00000, 0x0000000706000000|  0%| F|  |TAMS 0x0000000705f00000, 0x0000000705f00000| Untracked 
|  30|0x0000000706000000, 0x0000000706000000, 0x0000000706100000|  0%| F|  |TAMS 0x0000000706000000, 0x0000000706000000| Untracked 
|  31|0x0000000706100000, 0x0000000706100000, 0x0000000706200000|  0%| F|  |TAMS 0x0000000706100000, 0x0000000706100000| Untracked 
|  32|0x0000000706200000, 0x0000000706200000, 0x0000000706300000|  0%| F|  |TAMS 0x0000000706200000, 0x0000000706200000| Untracked 
|  33|0x0000000706300000, 0x0000000706300000, 0x0000000706400000|  0%| F|  |TAMS 0x0000000706300000, 0x0000000706300000| Untracked 
|  34|0x0000000706400000, 0x0000000706400000, 0x0000000706500000|  0%| F|  |TAMS 0x0000000706400000, 0x0000000706400000| Untracked 
|  35|0x0000000706500000, 0x0000000706500000, 0x0000000706600000|  0%| F|  |TAMS 0x0000000706500000, 0x0000000706500000| Untracked 
|  36|0x0000000706600000, 0x0000000706600000, 0x0000000706700000|  0%| F|  |TAMS 0x0000000706600000, 0x0000000706600000| Untracked 
|  37|0x0000000706700000, 0x0000000706700000, 0x0000000706800000|  0%| F|  |TAMS 0x0000000706700000, 0x0000000706700000| Untracked 
|  38|0x0000000706800000, 0x0000000706800000, 0x0000000706900000|  0%| F|  |TAMS 0x0000000706800000, 0x0000000706800000| Untracked 
|  39|0x0000000706900000, 0x0000000706900000, 0x0000000706a00000|  0%| F|  |TAMS 0x0000000706900000, 0x0000000706900000| Untracked 
|  40|0x0000000706a00000, 0x0000000706a00000, 0x0000000706b00000|  0%| F|  |TAMS 0x0000000706a00000, 0x0000000706a00000| Untracked 
|  41|0x0000000706b00000, 0x0000000706b00000, 0x0000000706c00000|  0%| F|  |TAMS 0x0000000706b00000, 0x0000000706b00000| Untracked 
|  42|0x0000000706c00000, 0x0000000706c00000, 0x0000000706d00000|  0%| F|  |TAMS 0x0000000706c00000, 0x0000000706c00000| Untracked 
|  43|0x0000000706d00000, 0x0000000706d00000, 0x0000000706e00000|  0%| F|  |TAMS 0x0000000706d00000, 0x0000000706d00000| Untracked 
|  44|0x0000000706e00000, 0x0000000706e00000, 0x0000000706f00000|  0%| F|  |TAMS 0x0000000706e00000, 0x0000000706e00000| Untracked 
|  45|0x0000000706f00000, 0x0000000706f00000, 0x0000000707000000|  0%| F|  |TAMS 0x0000000706f00000, 0x0000000706f00000| Untracked 
|  46|0x0000000707000000, 0x0000000707000000, 0x0000000707100000|  0%| F|  |TAMS 0x0000000707000000, 0x0000000707000000| Untracked 
|  47|0x0000000707100000, 0x0000000707100000, 0x0000000707200000|  0%| F|  |TAMS 0x0000000707100000, 0x0000000707100000| Untracked 
|  48|0x0000000707200000, 0x0000000707200000, 0x0000000707300000|  0%| F|  |TAMS 0x0000000707200000, 0x0000000707200000| Untracked 
|  49|0x0000000707300000, 0x0000000707300000, 0x0000000707400000|  0%| F|  |TAMS 0x0000000707300000, 0x0000000707300000| Untracked 
|  50|0x0000000707400000, 0x0000000707400000, 0x0000000707500000|  0%| F|  |TAMS 0x0000000707400000, 0x0000000707400000| Untracked 
|  51|0x0000000707500000, 0x0000000707500000, 0x0000000707600000|  0%| F|  |TAMS 0x0000000707500000, 0x0000000707500000| Untracked 
|  52|0x0000000707600000, 0x0000000707600000, 0x0000000707700000|  0%| F|  |TAMS 0x0000000707600000, 0x0000000707600000| Untracked 
|  53|0x0000000707700000, 0x0000000707700000, 0x0000000707800000|  0%| F|  |TAMS 0x0000000707700000, 0x0000000707700000| Untracked 
|  54|0x0000000707800000, 0x0000000707800000, 0x0000000707900000|  0%| F|  |TAMS 0x0000000707800000, 0x0000000707800000| Untracked 
|  55|0x0000000707900000, 0x0000000707900000, 0x0000000707a00000|  0%| F|  |TAMS 0x0000000707900000, 0x0000000707900000| Untracked 
|  56|0x0000000707a00000, 0x0000000707a00000, 0x0000000707b00000|  0%| F|  |TAMS 0x0000000707a00000, 0x0000000707a00000| Untracked 
|  57|0x0000000707b00000, 0x0000000707b00000, 0x0000000707c00000|  0%| F|  |TAMS 0x0000000707b00000, 0x0000000707b00000| Untracked 
|  58|0x0000000707c00000, 0x0000000707c00000, 0x0000000707d00000|  0%| F|  |TAMS 0x0000000707c00000, 0x0000000707c00000| Untracked 
|  59|0x0000000707d00000, 0x0000000707d00000, 0x0000000707e00000|  0%| F|  |TAMS 0x0000000707d00000, 0x0000000707d00000| Untracked 
|  60|0x0000000707e00000, 0x0000000707e00000, 0x0000000707f00000|  0%| F|  |TAMS 0x0000000707e00000, 0x0000000707e00000| Untracked 
|  61|0x0000000707f00000, 0x0000000707f00000, 0x0000000708000000|  0%| F|  |TAMS 0x0000000707f00000, 0x0000000707f00000| Untracked 
|  62|0x0000000708000000, 0x0000000708000000, 0x0000000708100000|  0%| F|  |TAMS 0x0000000708000000, 0x0000000708000000| Untracked 
|  63|0x0000000708100000, 0x0000000708100000, 0x0000000708200000|  0%| F|  |TAMS 0x0000000708100000, 0x0000000708100000| Untracked 
|  64|0x0000000708200000, 0x0000000708200000, 0x0000000708300000|  0%| F|  |TAMS 0x0000000708200000, 0x0000000708200000| Untracked 
|  65|0x0000000708300000, 0x0000000708300000, 0x0000000708400000|  0%| F|  |TAMS 0x0000000708300000, 0x0000000708300000| Untracked 
|  66|0x0000000708400000, 0x0000000708400000, 0x0000000708500000|  0%| F|  |TAMS 0x0000000708400000, 0x0000000708400000| Untracked 
|  67|0x0000000708500000, 0x0000000708500000, 0x0000000708600000|  0%| F|  |TAMS 0x0000000708500000, 0x0000000708500000| Untracked 
|  68|0x0000000708600000, 0x0000000708600000, 0x0000000708700000|  0%| F|  |TAMS 0x0000000708600000, 0x0000000708600000| Untracked 
|  69|0x0000000708700000, 0x0000000708700000, 0x0000000708800000|  0%| F|  |TAMS 0x0000000708700000, 0x0000000708700000| Untracked 
|  70|0x0000000708800000, 0x0000000708800000, 0x0000000708900000|  0%| F|  |TAMS 0x0000000708800000, 0x0000000708800000| Untracked 
|  71|0x0000000708900000, 0x0000000708900000, 0x0000000708a00000|  0%| F|  |TAMS 0x0000000708900000, 0x0000000708900000| Untracked 
|  72|0x0000000708a00000, 0x0000000708a00000, 0x0000000708b00000|  0%| F|  |TAMS 0x0000000708a00000, 0x0000000708a00000| Untracked 
|  73|0x0000000708b00000, 0x0000000708b00000, 0x0000000708c00000|  0%| F|  |TAMS 0x0000000708b00000, 0x0000000708b00000| Untracked 
|  74|0x0000000708c00000, 0x0000000708c00000, 0x0000000708d00000|  0%| F|  |TAMS 0x0000000708c00000, 0x0000000708c00000| Untracked 
|  75|0x0000000708d00000, 0x0000000708d00000, 0x0000000708e00000|  0%| F|  |TAMS 0x0000000708d00000, 0x0000000708d00000| Untracked 
|  76|0x0000000708e00000, 0x0000000708e00000, 0x0000000708f00000|  0%| F|  |TAMS 0x0000000708e00000, 0x0000000708e00000| Untracked 
|  77|0x0000000708f00000, 0x0000000708f00000, 0x0000000709000000|  0%| F|  |TAMS 0x0000000708f00000, 0x0000000708f00000| Untracked 
|  78|0x0000000709000000, 0x0000000709000000, 0x0000000709100000|  0%| F|  |TAMS 0x0000000709000000, 0x0000000709000000| Untracked 
|  79|0x0000000709100000, 0x0000000709100000, 0x0000000709200000|  0%| F|  |TAMS 0x0000000709100000, 0x0000000709100000| Untracked 
|  80|0x0000000709200000, 0x0000000709200000, 0x0000000709300000|  0%| F|  |TAMS 0x0000000709200000, 0x0000000709200000| Untracked 
|  81|0x0000000709300000, 0x0000000709300000, 0x0000000709400000|  0%| F|  |TAMS 0x0000000709300000, 0x0000000709300000| Untracked 
|  82|0x0000000709400000, 0x0000000709400000, 0x0000000709500000|  0%| F|  |TAMS 0x0000000709400000, 0x0000000709400000| Untracked 
|  83|0x0000000709500000, 0x0000000709500000, 0x0000000709600000|  0%| F|  |TAMS 0x0000000709500000, 0x0000000709500000| Untracked 
|  84|0x0000000709600000, 0x0000000709600000, 0x0000000709700000|  0%| F|  |TAMS 0x0000000709600000, 0x0000000709600000| Untracked 
|  85|0x0000000709700000, 0x0000000709700000, 0x0000000709800000|  0%| F|  |TAMS 0x0000000709700000, 0x0000000709700000| Untracked 
|  86|0x0000000709800000, 0x0000000709800000, 0x0000000709900000|  0%| F|  |TAMS 0x0000000709800000, 0x0000000709800000| Untracked 
|  87|0x0000000709900000, 0x0000000709900000, 0x0000000709a00000|  0%| F|  |TAMS 0x0000000709900000, 0x0000000709900000| Untracked 
|  88|0x0000000709a00000, 0x0000000709a00000, 0x0000000709b00000|  0%| F|  |TAMS 0x0000000709a00000, 0x0000000709a00000| Untracked 
|  89|0x0000000709b00000, 0x0000000709b00000, 0x0000000709c00000|  0%| F|  |TAMS 0x0000000709b00000, 0x0000000709b00000| Untracked 
|  90|0x0000000709c00000, 0x0000000709c00000, 0x0000000709d00000|  0%| F|  |TAMS 0x0000000709c00000, 0x0000000709c00000| Untracked 
|  91|0x0000000709d00000, 0x0000000709d00000, 0x0000000709e00000|  0%| F|  |TAMS 0x0000000709d00000, 0x0000000709d00000| Untracked 
|  92|0x0000000709e00000, 0x0000000709e00000, 0x0000000709f00000|  0%| F|  |TAMS 0x0000000709e00000, 0x0000000709e00000| Untracked 
|  93|0x0000000709f00000, 0x0000000709f00000, 0x000000070a000000|  0%| F|  |TAMS 0x0000000709f00000, 0x0000000709f00000| Untracked 
|  94|0x000000070a000000, 0x000000070a000000, 0x000000070a100000|  0%| F|  |TAMS 0x000000070a000000, 0x000000070a000000| Untracked 
|  95|0x000000070a100000, 0x000000070a100000, 0x000000070a200000|  0%| F|  |TAMS 0x000000070a100000, 0x000000070a100000| Untracked 
|  96|0x000000070a200000, 0x000000070a200000, 0x000000070a300000|  0%| F|  |TAMS 0x000000070a200000, 0x000000070a200000| Untracked 
|  97|0x000000070a300000, 0x000000070a300000, 0x000000070a400000|  0%| F|  |TAMS 0x000000070a300000, 0x000000070a300000| Untracked 
|  98|0x000000070a400000, 0x000000070a400000, 0x000000070a500000|  0%| F|  |TAMS 0x000000070a400000, 0x000000070a400000| Untracked 
|  99|0x000000070a500000, 0x000000070a500000, 0x000000070a600000|  0%| F|  |TAMS 0x000000070a500000, 0x000000070a500000| Untracked 
| 100|0x000000070a600000, 0x000000070a600000, 0x000000070a700000|  0%| F|  |TAMS 0x000000070a600000, 0x000000070a600000| Untracked 
| 101|0x000000070a700000, 0x000000070a700000, 0x000000070a800000|  0%| F|  |TAMS 0x000000070a700000, 0x000000070a700000| Untracked 
| 102|0x000000070a800000, 0x000000070a800000, 0x000000070a900000|  0%| F|  |TAMS 0x000000070a800000, 0x000000070a800000| Untracked 
| 103|0x000000070a900000, 0x000000070a900000, 0x000000070aa00000|  0%| F|  |TAMS 0x000000070a900000, 0x000000070a900000| Untracked 
| 104|0x000000070aa00000, 0x000000070aa00000, 0x000000070ab00000|  0%| F|  |TAMS 0x000000070aa00000, 0x000000070aa00000| Untracked 
| 105|0x000000070ab00000, 0x000000070ab00000, 0x000000070ac00000|  0%| F|  |TAMS 0x000000070ab00000, 0x000000070ab00000| Untracked 
| 106|0x000000070ac00000, 0x000000070ac00000, 0x000000070ad00000|  0%| F|  |TAMS 0x000000070ac00000, 0x000000070ac00000| Untracked 
| 107|0x000000070ad00000, 0x000000070ad00000, 0x000000070ae00000|  0%| F|  |TAMS 0x000000070ad00000, 0x000000070ad00000| Untracked 
| 108|0x000000070ae00000, 0x000000070ae00000, 0x000000070af00000|  0%| F|  |TAMS 0x000000070ae00000, 0x000000070ae00000| Untracked 
| 109|0x000000070af00000, 0x000000070af00000, 0x000000070b000000|  0%| F|  |TAMS 0x000000070af00000, 0x000000070af00000| Untracked 
| 110|0x000000070b000000, 0x000000070b000000, 0x000000070b100000|  0%| F|  |TAMS 0x000000070b000000, 0x000000070b000000| Untracked 
| 111|0x000000070b100000, 0x000000070b100000, 0x000000070b200000|  0%| F|  |TAMS 0x000000070b100000, 0x000000070b100000| Untracked 
| 112|0x000000070b200000, 0x000000070b200000, 0x000000070b300000|  0%| F|  |TAMS 0x000000070b200000, 0x000000070b200000| Untracked 
| 113|0x000000070b300000, 0x000000070b300000, 0x000000070b400000|  0%| F|  |TAMS 0x000000070b300000, 0x000000070b300000| Untracked 
| 114|0x000000070b400000, 0x000000070b400000, 0x000000070b500000|  0%| F|  |TAMS 0x000000070b400000, 0x000000070b400000| Untracked 
| 115|0x000000070b500000, 0x000000070b500000, 0x000000070b600000|  0%| F|  |TAMS 0x000000070b500000, 0x000000070b500000| Untracked 
| 116|0x000000070b600000, 0x000000070b600000, 0x000000070b700000|  0%| F|  |TAMS 0x000000070b600000, 0x000000070b600000| Untracked 
| 117|0x000000070b700000, 0x000000070b700000, 0x000000070b800000|  0%| F|  |TAMS 0x000000070b700000, 0x000000070b700000| Untracked 
| 118|0x000000070b800000, 0x000000070b800000, 0x000000070b900000|  0%| F|  |TAMS 0x000000070b800000, 0x000000070b800000| Untracked 
| 119|0x000000070b900000, 0x000000070b900000, 0x000000070ba00000|  0%| F|  |TAMS 0x000000070b900000, 0x000000070b900000| Untracked 
| 120|0x000000070ba00000, 0x000000070ba00000, 0x000000070bb00000|  0%| F|  |TAMS 0x000000070ba00000, 0x000000070ba00000| Untracked 
| 121|0x000000070bb00000, 0x000000070bb00000, 0x000000070bc00000|  0%| F|  |TAMS 0x000000070bb00000, 0x000000070bb00000| Untracked 
| 122|0x000000070bc00000, 0x000000070bc00000, 0x000000070bd00000|  0%| F|  |TAMS 0x000000070bc00000, 0x000000070bc00000| Untracked 
| 123|0x000000070bd00000, 0x000000070bd00000, 0x000000070be00000|  0%| F|  |TAMS 0x000000070bd00000, 0x000000070bd00000| Untracked 
| 124|0x000000070be00000, 0x000000070be00000, 0x000000070bf00000|  0%| F|  |TAMS 0x000000070be00000, 0x000000070be00000| Untracked 
| 125|0x000000070bf00000, 0x000000070bf00000, 0x000000070c000000|  0%| F|  |TAMS 0x000000070bf00000, 0x000000070bf00000| Untracked 
| 126|0x000000070c000000, 0x000000070c000000, 0x000000070c100000|  0%| F|  |TAMS 0x000000070c000000, 0x000000070c000000| Untracked 
| 127|0x000000070c100000, 0x000000070c100000, 0x000000070c200000|  0%| F|  |TAMS 0x000000070c100000, 0x000000070c100000| Untracked 
| 128|0x000000070c200000, 0x000000070c200000, 0x000000070c300000|  0%| F|  |TAMS 0x000000070c200000, 0x000000070c200000| Untracked 
| 129|0x000000070c300000, 0x000000070c300000, 0x000000070c400000|  0%| F|  |TAMS 0x000000070c300000, 0x000000070c300000| Untracked 
| 130|0x000000070c400000, 0x000000070c44f248, 0x000000070c500000| 30%| S|CS|TAMS 0x000000070c400000, 0x000000070c400000| Complete 
| 131|0x000000070c500000, 0x000000070c600000, 0x000000070c600000|100%| S|CS|TAMS 0x000000070c500000, 0x000000070c500000| Complete 
| 132|0x000000070c600000, 0x000000070c700000, 0x000000070c700000|100%| S|CS|TAMS 0x000000070c600000, 0x000000070c600000| Complete 
| 133|0x000000070c700000, 0x000000070c800000, 0x000000070c800000|100%| S|CS|TAMS 0x000000070c700000, 0x000000070c700000| Complete 
| 134|0x000000070c800000, 0x000000070c900000, 0x000000070c900000|100%| S|CS|TAMS 0x000000070c800000, 0x000000070c800000| Complete 
| 135|0x000000070c900000, 0x000000070ca00000, 0x000000070ca00000|100%| S|CS|TAMS 0x000000070c900000, 0x000000070c900000| Complete 
| 136|0x000000070ca00000, 0x000000070cb00000, 0x000000070cb00000|100%| S|CS|TAMS 0x000000070ca00000, 0x000000070ca00000| Complete 
| 137|0x000000070cb00000, 0x000000070cc00000, 0x000000070cc00000|100%| S|CS|TAMS 0x000000070cb00000, 0x000000070cb00000| Complete 
| 138|0x000000070cc00000, 0x000000070cc00000, 0x000000070cd00000|  0%| F|  |TAMS 0x000000070cc00000, 0x000000070cc00000| Untracked 
| 139|0x000000070cd00000, 0x000000070cd00000, 0x000000070ce00000|  0%| F|  |TAMS 0x000000070cd00000, 0x000000070cd00000| Untracked 
| 140|0x000000070ce00000, 0x000000070ce00000, 0x000000070cf00000|  0%| F|  |TAMS 0x000000070ce00000, 0x000000070ce00000| Untracked 
| 141|0x000000070cf00000, 0x000000070cf00000, 0x000000070d000000|  0%| F|  |TAMS 0x000000070cf00000, 0x000000070cf00000| Untracked 
| 142|0x000000070d000000, 0x000000070d000000, 0x000000070d100000|  0%| F|  |TAMS 0x000000070d000000, 0x000000070d000000| Untracked 
| 143|0x000000070d100000, 0x000000070d100000, 0x000000070d200000|  0%| F|  |TAMS 0x000000070d100000, 0x000000070d100000| Untracked 
| 144|0x000000070d200000, 0x000000070d200000, 0x000000070d300000|  0%| F|  |TAMS 0x000000070d200000, 0x000000070d200000| Untracked 
| 145|0x000000070d300000, 0x000000070d300000, 0x000000070d400000|  0%| F|  |TAMS 0x000000070d300000, 0x000000070d300000| Untracked 
| 146|0x000000070d400000, 0x000000070d400000, 0x000000070d500000|  0%| F|  |TAMS 0x000000070d400000, 0x000000070d400000| Untracked 
| 147|0x000000070d500000, 0x000000070d580800, 0x000000070d600000| 50%| E|  |TAMS 0x000000070d500000, 0x000000070d500000| Complete 
| 148|0x000000070d600000, 0x000000070d700000, 0x000000070d700000|100%| E|CS|TAMS 0x000000070d600000, 0x000000070d600000| Complete 
| 149|0x000000070d700000, 0x000000070d800000, 0x000000070d800000|100%| E|CS|TAMS 0x000000070d700000, 0x000000070d700000| Complete 
| 150|0x000000070d800000, 0x000000070d900000, 0x000000070d900000|100%| E|CS|TAMS 0x000000070d800000, 0x000000070d800000| Complete 
| 151|0x000000070d900000, 0x000000070da00000, 0x000000070da00000|100%| E|CS|TAMS 0x000000070d900000, 0x000000070d900000| Complete 
| 152|0x000000070da00000, 0x000000070db00000, 0x000000070db00000|100%| E|CS|TAMS 0x000000070da00000, 0x000000070da00000| Complete 
| 153|0x000000070db00000, 0x000000070dc00000, 0x000000070dc00000|100%| E|CS|TAMS 0x000000070db00000, 0x000000070db00000| Complete 
| 154|0x000000070dc00000, 0x000000070dd00000, 0x000000070dd00000|100%| E|CS|TAMS 0x000000070dc00000, 0x000000070dc00000| Complete 
| 155|0x000000070dd00000, 0x000000070de00000, 0x000000070de00000|100%| E|CS|TAMS 0x000000070dd00000, 0x000000070dd00000| Complete 
| 156|0x000000070de00000, 0x000000070df00000, 0x000000070df00000|100%| E|CS|TAMS 0x000000070de00000, 0x000000070de00000| Complete 
| 157|0x000000070df00000, 0x000000070e000000, 0x000000070e000000|100%| E|CS|TAMS 0x000000070df00000, 0x000000070df00000| Complete 
| 158|0x000000070e000000, 0x000000070e100000, 0x000000070e100000|100%| E|CS|TAMS 0x000000070e000000, 0x000000070e000000| Complete 
| 159|0x000000070e100000, 0x000000070e200000, 0x000000070e200000|100%| E|CS|TAMS 0x000000070e100000, 0x000000070e100000| Complete 
| 160|0x000000070e200000, 0x000000070e300000, 0x000000070e300000|100%| E|CS|TAMS 0x000000070e200000, 0x000000070e200000| Complete 
| 161|0x000000070e300000, 0x000000070e400000, 0x000000070e400000|100%| E|CS|TAMS 0x000000070e300000, 0x000000070e300000| Complete 
| 162|0x000000070e400000, 0x000000070e500000, 0x000000070e500000|100%| E|CS|TAMS 0x000000070e400000, 0x000000070e400000| Complete 
| 163|0x000000070e500000, 0x000000070e600000, 0x000000070e600000|100%| E|CS|TAMS 0x000000070e500000, 0x000000070e500000| Complete 
| 164|0x000000070e600000, 0x000000070e700000, 0x000000070e700000|100%| E|CS|TAMS 0x000000070e600000, 0x000000070e600000| Complete 
| 165|0x000000070e700000, 0x000000070e800000, 0x000000070e800000|100%| E|CS|TAMS 0x000000070e700000, 0x000000070e700000| Complete 
| 166|0x000000070e800000, 0x000000070e900000, 0x000000070e900000|100%| E|CS|TAMS 0x000000070e800000, 0x000000070e800000| Complete 
| 167|0x000000070e900000, 0x000000070ea00000, 0x000000070ea00000|100%| E|CS|TAMS 0x000000070e900000, 0x000000070e900000| Complete 
| 168|0x000000070ea00000, 0x000000070eb00000, 0x000000070eb00000|100%| E|CS|TAMS 0x000000070ea00000, 0x000000070ea00000| Complete 
| 169|0x000000070eb00000, 0x000000070ec00000, 0x000000070ec00000|100%| E|CS|TAMS 0x000000070eb00000, 0x000000070eb00000| Complete 
| 170|0x000000070ec00000, 0x000000070ed00000, 0x000000070ed00000|100%| E|CS|TAMS 0x000000070ec00000, 0x000000070ec00000| Complete 
| 171|0x000000070ed00000, 0x000000070ee00000, 0x000000070ee00000|100%| E|CS|TAMS 0x000000070ed00000, 0x000000070ed00000| Complete 
| 172|0x000000070ee00000, 0x000000070ef00000, 0x000000070ef00000|100%| E|CS|TAMS 0x000000070ee00000, 0x000000070ee00000| Complete 
| 173|0x000000070ef00000, 0x000000070f000000, 0x000000070f000000|100%| E|CS|TAMS 0x000000070ef00000, 0x000000070ef00000| Complete 
| 174|0x000000070f000000, 0x000000070f100000, 0x000000070f100000|100%| E|CS|TAMS 0x000000070f000000, 0x000000070f000000| Complete 
| 175|0x000000070f100000, 0x000000070f200000, 0x000000070f200000|100%| E|CS|TAMS 0x000000070f100000, 0x000000070f100000| Complete 
| 176|0x000000070f200000, 0x000000070f300000, 0x000000070f300000|100%| E|CS|TAMS 0x000000070f200000, 0x000000070f200000| Complete 
| 177|0x000000070f300000, 0x000000070f400000, 0x000000070f400000|100%| E|CS|TAMS 0x000000070f300000, 0x000000070f300000| Complete 
| 178|0x000000070f400000, 0x000000070f500000, 0x000000070f500000|100%| E|CS|TAMS 0x000000070f400000, 0x000000070f400000| Complete 
| 179|0x000000070f500000, 0x000000070f600000, 0x000000070f600000|100%| E|CS|TAMS 0x000000070f500000, 0x000000070f500000| Complete 
| 180|0x000000070f600000, 0x000000070f700000, 0x000000070f700000|100%| E|CS|TAMS 0x000000070f600000, 0x000000070f600000| Complete 
| 181|0x000000070f700000, 0x000000070f800000, 0x000000070f800000|100%| E|CS|TAMS 0x000000070f700000, 0x000000070f700000| Complete 
| 182|0x000000070f800000, 0x000000070f900000, 0x000000070f900000|100%| E|CS|TAMS 0x000000070f800000, 0x000000070f800000| Complete 
| 183|0x000000070f900000, 0x000000070fa00000, 0x000000070fa00000|100%| E|CS|TAMS 0x000000070f900000, 0x000000070f900000| Complete 
| 184|0x000000070fa00000, 0x000000070fb00000, 0x000000070fb00000|100%| E|CS|TAMS 0x000000070fa00000, 0x000000070fa00000| Complete 
| 185|0x000000070fb00000, 0x000000070fc00000, 0x000000070fc00000|100%| E|CS|TAMS 0x000000070fb00000, 0x000000070fb00000| Complete 
| 186|0x000000070fc00000, 0x000000070fd00000, 0x000000070fd00000|100%| E|CS|TAMS 0x000000070fc00000, 0x000000070fc00000| Complete 
| 187|0x000000070fd00000, 0x000000070fe00000, 0x000000070fe00000|100%| E|CS|TAMS 0x000000070fd00000, 0x000000070fd00000| Complete 
| 188|0x000000070fe00000, 0x000000070ff00000, 0x000000070ff00000|100%| E|CS|TAMS 0x000000070fe00000, 0x000000070fe00000| Complete 
| 189|0x000000070ff00000, 0x0000000710000000, 0x0000000710000000|100%| E|CS|TAMS 0x000000070ff00000, 0x000000070ff00000| Complete 
| 190|0x0000000710000000, 0x0000000710100000, 0x0000000710100000|100%| E|CS|TAMS 0x0000000710000000, 0x0000000710000000| Complete 
| 191|0x0000000710100000, 0x0000000710200000, 0x0000000710200000|100%| E|CS|TAMS 0x0000000710100000, 0x0000000710100000| Complete 
| 192|0x0000000710200000, 0x0000000710300000, 0x0000000710300000|100%| E|CS|TAMS 0x0000000710200000, 0x0000000710200000| Complete 
| 193|0x0000000710300000, 0x0000000710400000, 0x0000000710400000|100%| E|CS|TAMS 0x0000000710300000, 0x0000000710300000| Complete 
| 194|0x0000000710400000, 0x0000000710500000, 0x0000000710500000|100%| E|CS|TAMS 0x0000000710400000, 0x0000000710400000| Complete 
| 195|0x0000000710500000, 0x0000000710600000, 0x0000000710600000|100%| E|CS|TAMS 0x0000000710500000, 0x0000000710500000| Complete 
| 196|0x0000000710600000, 0x0000000710700000, 0x0000000710700000|100%| E|CS|TAMS 0x0000000710600000, 0x0000000710600000| Complete 
| 197|0x0000000710700000, 0x0000000710800000, 0x0000000710800000|100%| E|CS|TAMS 0x0000000710700000, 0x0000000710700000| Complete 
| 198|0x0000000710800000, 0x0000000710900000, 0x0000000710900000|100%| E|CS|TAMS 0x0000000710800000, 0x0000000710800000| Complete 
| 199|0x0000000710900000, 0x0000000710a00000, 0x0000000710a00000|100%| E|CS|TAMS 0x0000000710900000, 0x0000000710900000| Complete 
| 200|0x0000000710a00000, 0x0000000710b00000, 0x0000000710b00000|100%| E|CS|TAMS 0x0000000710a00000, 0x0000000710a00000| Complete 
| 201|0x0000000710b00000, 0x0000000710c00000, 0x0000000710c00000|100%| E|CS|TAMS 0x0000000710b00000, 0x0000000710b00000| Complete 
| 202|0x0000000710c00000, 0x0000000710d00000, 0x0000000710d00000|100%| E|CS|TAMS 0x0000000710c00000, 0x0000000710c00000| Complete 
| 203|0x0000000710d00000, 0x0000000710e00000, 0x0000000710e00000|100%| E|CS|TAMS 0x0000000710d00000, 0x0000000710d00000| Complete 
| 204|0x0000000710e00000, 0x0000000710f00000, 0x0000000710f00000|100%| E|CS|TAMS 0x0000000710e00000, 0x0000000710e00000| Complete 
| 205|0x0000000710f00000, 0x0000000711000000, 0x0000000711000000|100%| E|CS|TAMS 0x0000000710f00000, 0x0000000710f00000| Complete 
| 206|0x0000000711000000, 0x0000000711100000, 0x0000000711100000|100%| E|CS|TAMS 0x0000000711000000, 0x0000000711000000| Complete 
| 207|0x0000000711100000, 0x0000000711200000, 0x0000000711200000|100%| E|CS|TAMS 0x0000000711100000, 0x0000000711100000| Complete 
| 208|0x0000000711200000, 0x0000000711300000, 0x0000000711300000|100%| E|CS|TAMS 0x0000000711200000, 0x0000000711200000| Complete 
| 209|0x0000000711300000, 0x0000000711400000, 0x0000000711400000|100%| E|CS|TAMS 0x0000000711300000, 0x0000000711300000| Complete 
| 210|0x0000000711400000, 0x0000000711500000, 0x0000000711500000|100%| E|CS|TAMS 0x0000000711400000, 0x0000000711400000| Complete 
| 211|0x0000000711500000, 0x0000000711600000, 0x0000000711600000|100%| E|CS|TAMS 0x0000000711500000, 0x0000000711500000| Complete 
| 212|0x0000000711600000, 0x0000000711700000, 0x0000000711700000|100%| E|CS|TAMS 0x0000000711600000, 0x0000000711600000| Complete 
| 213|0x0000000711700000, 0x0000000711800000, 0x0000000711800000|100%| E|CS|TAMS 0x0000000711700000, 0x0000000711700000| Complete 
| 214|0x0000000711800000, 0x0000000711900000, 0x0000000711900000|100%| E|CS|TAMS 0x0000000711800000, 0x0000000711800000| Complete 
| 215|0x0000000711900000, 0x0000000711a00000, 0x0000000711a00000|100%| E|CS|TAMS 0x0000000711900000, 0x0000000711900000| Complete 
| 216|0x0000000711a00000, 0x0000000711b00000, 0x0000000711b00000|100%| E|CS|TAMS 0x0000000711a00000, 0x0000000711a00000| Complete 
| 217|0x0000000711b00000, 0x0000000711c00000, 0x0000000711c00000|100%| E|CS|TAMS 0x0000000711b00000, 0x0000000711b00000| Complete 
| 218|0x0000000711c00000, 0x0000000711d00000, 0x0000000711d00000|100%| E|CS|TAMS 0x0000000711c00000, 0x0000000711c00000| Complete 
| 219|0x0000000711d00000, 0x0000000711e00000, 0x0000000711e00000|100%| E|CS|TAMS 0x0000000711d00000, 0x0000000711d00000| Complete 
| 220|0x0000000711e00000, 0x0000000711f00000, 0x0000000711f00000|100%| E|CS|TAMS 0x0000000711e00000, 0x0000000711e00000| Complete 
| 221|0x0000000711f00000, 0x0000000712000000, 0x0000000712000000|100%| E|CS|TAMS 0x0000000711f00000, 0x0000000711f00000| Complete 
| 222|0x0000000712000000, 0x0000000712100000, 0x0000000712100000|100%| E|CS|TAMS 0x0000000712000000, 0x0000000712000000| Complete 
| 223|0x0000000712100000, 0x0000000712200000, 0x0000000712200000|100%| E|CS|TAMS 0x0000000712100000, 0x0000000712100000| Complete 
| 224|0x0000000712200000, 0x0000000712300000, 0x0000000712300000|100%| E|CS|TAMS 0x0000000712200000, 0x0000000712200000| Complete 
| 225|0x0000000712300000, 0x0000000712400000, 0x0000000712400000|100%| E|CS|TAMS 0x0000000712300000, 0x0000000712300000| Complete 
| 226|0x0000000712400000, 0x0000000712500000, 0x0000000712500000|100%| E|CS|TAMS 0x0000000712400000, 0x0000000712400000| Complete 
| 227|0x0000000712500000, 0x0000000712600000, 0x0000000712600000|100%| E|CS|TAMS 0x0000000712500000, 0x0000000712500000| Complete 
| 228|0x0000000712600000, 0x0000000712700000, 0x0000000712700000|100%| E|CS|TAMS 0x0000000712600000, 0x0000000712600000| Complete 
| 229|0x0000000712700000, 0x0000000712800000, 0x0000000712800000|100%| E|CS|TAMS 0x0000000712700000, 0x0000000712700000| Complete 
| 230|0x0000000712800000, 0x0000000712900000, 0x0000000712900000|100%| E|CS|TAMS 0x0000000712800000, 0x0000000712800000| Complete 
| 231|0x0000000712900000, 0x0000000712a00000, 0x0000000712a00000|100%| E|CS|TAMS 0x0000000712900000, 0x0000000712900000| Complete 
| 232|0x0000000712a00000, 0x0000000712b00000, 0x0000000712b00000|100%| E|CS|TAMS 0x0000000712a00000, 0x0000000712a00000| Complete 
| 233|0x0000000712b00000, 0x0000000712c00000, 0x0000000712c00000|100%| E|CS|TAMS 0x0000000712b00000, 0x0000000712b00000| Complete 
| 234|0x0000000712c00000, 0x0000000712d00000, 0x0000000712d00000|100%| E|CS|TAMS 0x0000000712c00000, 0x0000000712c00000| Complete 
| 235|0x0000000712d00000, 0x0000000712e00000, 0x0000000712e00000|100%| E|CS|TAMS 0x0000000712d00000, 0x0000000712d00000| Complete 
| 236|0x0000000712e00000, 0x0000000712f00000, 0x0000000712f00000|100%| E|CS|TAMS 0x0000000712e00000, 0x0000000712e00000| Complete 
| 237|0x0000000712f00000, 0x0000000713000000, 0x0000000713000000|100%| E|CS|TAMS 0x0000000712f00000, 0x0000000712f00000| Complete 
| 238|0x0000000713000000, 0x0000000713100000, 0x0000000713100000|100%| E|CS|TAMS 0x0000000713000000, 0x0000000713000000| Complete 
| 239|0x0000000713100000, 0x0000000713200000, 0x0000000713200000|100%| E|CS|TAMS 0x0000000713100000, 0x0000000713100000| Complete 
| 240|0x0000000713200000, 0x0000000713300000, 0x0000000713300000|100%| E|CS|TAMS 0x0000000713200000, 0x0000000713200000| Complete 
| 241|0x0000000713300000, 0x0000000713400000, 0x0000000713400000|100%| E|CS|TAMS 0x0000000713300000, 0x0000000713300000| Complete 
| 242|0x0000000713400000, 0x0000000713500000, 0x0000000713500000|100%| E|CS|TAMS 0x0000000713400000, 0x0000000713400000| Complete 
| 243|0x0000000713500000, 0x0000000713600000, 0x0000000713600000|100%| E|CS|TAMS 0x0000000713500000, 0x0000000713500000| Complete 
| 244|0x0000000713600000, 0x0000000713700000, 0x0000000713700000|100%| E|CS|TAMS 0x0000000713600000, 0x0000000713600000| Complete 
| 245|0x0000000713700000, 0x0000000713800000, 0x0000000713800000|100%| E|CS|TAMS 0x0000000713700000, 0x0000000713700000| Complete 
| 246|0x0000000713800000, 0x0000000713900000, 0x0000000713900000|100%| E|CS|TAMS 0x0000000713800000, 0x0000000713800000| Complete 
| 247|0x0000000713900000, 0x0000000713a00000, 0x0000000713a00000|100%| E|CS|TAMS 0x0000000713900000, 0x0000000713900000| Complete 
| 248|0x0000000713a00000, 0x0000000713b00000, 0x0000000713b00000|100%| E|CS|TAMS 0x0000000713a00000, 0x0000000713a00000| Complete 
| 249|0x0000000713b00000, 0x0000000713c00000, 0x0000000713c00000|100%| E|CS|TAMS 0x0000000713b00000, 0x0000000713b00000| Complete 
| 250|0x0000000713c00000, 0x0000000713d00000, 0x0000000713d00000|100%| E|CS|TAMS 0x0000000713c00000, 0x0000000713c00000| Complete 
| 251|0x0000000713d00000, 0x0000000713e00000, 0x0000000713e00000|100%| E|CS|TAMS 0x0000000713d00000, 0x0000000713d00000| Complete 

Card table byte_map: [0x00000185318c0000,0x00000185320a0000] _byte_map_base: 0x000001852e09f000

Marking Bits (Prev, Next): (CMBitMap*) 0x0000018519722138, (CMBitMap*) 0x0000018519722170
 Prev Bits: [0x0000018532880000, 0x0000018536778000)
 Next Bits: [0x0000018536780000, 0x000001853a678000)

Polling page: 0x0000018518ea0000

Metaspace:

Usage:
  Non-class:     41.46 MB capacity,    40.69 MB ( 98%) used,   638.74 KB (  2%) free+waste,   147.75 KB ( <1%) overhead. 
      Class:      6.10 MB capacity,     5.60 MB ( 92%) used,   441.78 KB (  7%) free+waste,    69.25 KB (  1%) overhead. 
       Both:     47.56 MB capacity,    46.29 MB ( 97%) used,     1.06 MB (  2%) free+waste,   217.00 KB ( <1%) overhead. 

Virtual space:
  Non-class space:       42.00 MB reserved,      41.70 MB (>99%) committed 
      Class space:        1.00 GB reserved,       6.13 MB ( <1%) committed 
             Both:        1.04 GB reserved,      47.82 MB (  4%) committed 

Chunk freelists:
   Non-Class:  55.00 KB
       Class:  22.00 KB
        Both:  77.00 KB

MaxMetaspaceSize: 17179869184.00 GB
CompressedClassSpaceSize: 1.00 GB

CodeHeap 'non-profiled nmethods': size=120000Kb used=2571Kb max_used=2571Kb free=117428Kb
 bounds [0x0000018529880000, 0x0000018529b10000, 0x0000018530db0000]
CodeHeap 'profiled nmethods': size=120000Kb used=9412Kb max_used=9412Kb free=110587Kb
 bounds [0x0000018522350000, 0x0000018522c90000, 0x0000018529880000]
CodeHeap 'non-nmethods': size=5760Kb used=1179Kb max_used=1219Kb free=4581Kb
 bounds [0x0000018521db0000, 0x0000018522020000, 0x0000018522350000]
 total_blobs=4778 nmethods=4273 adapters=416
 compilation: enabled
              stopped_count=0, restarted_count=0
 full_count=0

Compilation events (20 events):
Event: 62.170 Thread 0x000001853db0f000 4303   !   3       java.util.concurrent.ConcurrentHashMap::putVal (432 bytes)
Event: 62.171 Thread 0x00000185452df800 nmethod 4302 0x0000018529b00d10 code [0x0000018529b00ec0, 0x0000018529b01038]
Event: 62.171 Thread 0x00000185452df800 4304       4       java.lang.ClassLoader::addClass (9 bytes)
Event: 62.172 Thread 0x000001853db0f000 nmethod 4303 0x0000018522c7cb10 code [0x0000018522c7cea0, 0x0000018522c7f0b8]
Event: 62.174 Thread 0x000001853db0f000 4305       3       org.apache.tomcat.util.buf.Ascii::toLower (14 bytes)
Event: 62.174 Thread 0x000001853db0f000 nmethod 4305 0x0000018522c7fb10 code [0x0000018522c7fcc0, 0x0000018522c7fdd8]
Event: 62.174 Thread 0x000001853db0f000 4306       3       java.nio.CharBuffer::<init> (22 bytes)
Event: 62.175 Thread 0x000001853db0f000 nmethod 4306 0x0000018522c7fe90 code [0x0000018522c80040, 0x0000018522c801e8]
Event: 62.175 Thread 0x000001853db0f000 4307       3       java.nio.HeapByteBuffer::put (16 bytes)
Event: 62.175 Thread 0x000001853db0f000 nmethod 4307 0x0000018522c80290 code [0x0000018522c80460, 0x0000018522c80788]
Event: 62.175 Thread 0x000001853db0f000 4308       3       java.nio.Buffer::nextPutIndex (30 bytes)
Event: 62.175 Thread 0x000001853db0f000 nmethod 4308 0x0000018522c80910 code [0x0000018522c80ae0, 0x0000018522c80d08]
Event: 62.175 Thread 0x000001853db0f000 4310       3       org.apache.tomcat.util.buf.AbstractChunk::getLength (10 bytes)
Event: 62.175 Thread 0x00000185452df800 nmethod 4304 0x0000018529b01190 code [0x0000018529b01340, 0x0000018529b01808]
Event: 62.175 Thread 0x000001853db0f000 nmethod 4310 0x0000018522c80e10 code [0x0000018522c80fc0, 0x0000018522c810b8]
Event: 62.175 Thread 0x00000185452df800 4309       4       java.nio.Buffer::nextGetIndex (30 bytes)
Event: 62.175 Thread 0x00000185452df800 nmethod 4309 0x0000018529b01a10 code [0x0000018529b01ba0, 0x0000018529b01c38]
Event: 62.175 Thread 0x00000185452df800 4311       4       java.nio.HeapByteBuffer::ix (7 bytes)
Event: 62.176 Thread 0x00000185452df800 nmethod 4311 0x0000018529b01d10 code [0x0000018529b01ea0, 0x0000018529b01f18]
Event: 62.177 Thread 0x0000018546434800 nmethod 4296 0x0000018529b01f90 code [0x0000018529b02160, 0x0000018529b02958]

GC Heap History (8 events):
Event: 0.725 GC heap before
{Heap before GC invocations=0 (full 0):
 garbage-first heap   total 258048K, used 23552K [0x0000000704200000, 0x0000000800000000)
  region size 1024K, 24 young (24576K), 0 survivors (0K)
 Metaspace       used 12635K, capacity 12874K, committed 13184K, reserved 1060864K
  class space    used 1249K, capacity 1337K, committed 1408K, reserved 1048576K
}
Event: 0.732 GC heap after
{Heap after GC invocations=1 (full 0):
 garbage-first heap   total 258048K, used 4659K [0x0000000704200000, 0x0000000800000000)
  region size 1024K, 3 young (3072K), 3 survivors (3072K)
 Metaspace       used 12635K, capacity 12874K, committed 13184K, reserved 1060864K
  class space    used 1249K, capacity 1337K, committed 1408K, reserved 1048576K
}
Event: 1.223 GC heap before
{Heap before GC invocations=1 (full 0):
 garbage-first heap   total 258048K, used 46643K [0x0000000704200000, 0x0000000800000000)
  region size 1024K, 45 young (46080K), 3 survivors (3072K)
 Metaspace       used 20816K, capacity 21187K, committed 21248K, reserved 1069056K
  class space    used 2383K, capacity 2538K, committed 2560K, reserved 1048576K
}
Event: 1.229 GC heap after
{Heap after GC invocations=2 (full 0):
 garbage-first heap   total 258048K, used 6881K [0x0000000704200000, 0x0000000800000000)
  region size 1024K, 6 young (6144K), 6 survivors (6144K)
 Metaspace       used 20816K, capacity 21187K, committed 21248K, reserved 1069056K
  class space    used 2383K, capacity 2538K, committed 2560K, reserved 1048576K
}
Event: 1.967 GC heap before
{Heap before GC invocations=3 (full 0):
 garbage-first heap   total 258048K, used 57057K [0x0000000704200000, 0x0000000800000000)
  region size 1024K, 55 young (56320K), 6 survivors (6144K)
 Metaspace       used 27747K, capacity 28472K, committed 28672K, reserved 1075200K
  class space    used 3247K, capacity 3521K, committed 3584K, reserved 1048576K
}
Event: 1.972 GC heap after
{Heap after GC invocations=4 (full 0):
 garbage-first heap   total 258048K, used 8980K [0x0000000704200000, 0x0000000800000000)
  region size 1024K, 5 young (5120K), 5 survivors (5120K)
 Metaspace       used 27747K, capacity 28472K, committed 28672K, reserved 1075200K
  class space    used 3247K, capacity 3521K, committed 3584K, reserved 1048576K
}
Event: 2.862 GC heap before
{Heap before GC invocations=4 (full 0):
 garbage-first heap   total 258048K, used 119572K [0x0000000704200000, 0x0000000800000000)
  region size 1024K, 114 young (116736K), 5 survivors (5120K)
 Metaspace       used 34816K, capacity 35751K, committed 35840K, reserved 1081344K
  class space    used 4212K, capacity 4581K, committed 4608K, reserved 1048576K
}
Event: 2.870 GC heap after
{Heap after GC invocations=5 (full 0):
 garbage-first heap   total 258048K, used 12139K [0x0000000704200000, 0x0000000800000000)
  region size 1024K, 8 young (8192K), 8 survivors (8192K)
 Metaspace       used 34816K, capacity 35751K, committed 35840K, reserved 1081344K
  class space    used 4212K, capacity 4581K, committed 4608K, reserved 1048576K
}

Deoptimization events (20 events):
Event: 4.228 Thread 0x000001853eb92800 Uncommon trap: trap_request=0xffffff4d fr.pc=0x00000185299788a0 relative=0x0000000000000080
Event: 4.228 Thread 0x000001853eb92800 Uncommon trap: reason=unstable_if action=reinterpret pc=0x00000185299788a0 method=java.lang.CharacterDataLatin1.isWhitespace(I)Z @ 14 c2
Event: 4.228 Thread 0x000001853eb92800 DEOPT PACKING pc=0x00000185299788a0 sp=0x0000004a27ffb0c0
Event: 4.228 Thread 0x000001853eb92800 DEOPT UNPACKING pc=0x0000018521db83af sp=0x0000004a27ffaf88 mode 2
Event: 4.228 Thread 0x000001853eb92800 Uncommon trap: trap_request=0xffffff4d fr.pc=0x00000185298e4fa0 relative=0x0000000000000080
Event: 4.228 Thread 0x000001853eb92800 Uncommon trap: reason=unstable_if action=reinterpret pc=0x00000185298e4fa0 method=java.lang.CharacterDataLatin1.isWhitespace(I)Z @ 14 c2
Event: 4.228 Thread 0x000001853eb92800 DEOPT PACKING pc=0x00000185298e4fa0 sp=0x0000004a27ffb000
Event: 4.228 Thread 0x000001853eb92800 DEOPT UNPACKING pc=0x0000018521db83af sp=0x0000004a27ffaf80 mode 2
Event: 4.322 Thread 0x000001853eb92800 Uncommon trap: trap_request=0xffffff4d fr.pc=0x0000018529a0c2e0 relative=0x0000000000000200
Event: 4.322 Thread 0x000001853eb92800 Uncommon trap: reason=unstable_if action=reinterpret pc=0x0000018529a0c2e0 method=java.lang.PublicMethods$MethodList.filter([Ljava/lang/reflect/Method;Ljava/lang/String;[Ljava/lang/Class;Z)Ljava/lang/PublicMethods$MethodList; @ 43 c2
Event: 4.322 Thread 0x000001853eb92800 DEOPT PACKING pc=0x0000018529a0c2e0 sp=0x0000004a27ffd660
Event: 4.322 Thread 0x000001853eb92800 DEOPT UNPACKING pc=0x0000018521db83af sp=0x0000004a27ffd620 mode 2
Event: 4.416 Thread 0x000001853eb92800 Uncommon trap: trap_request=0xffffff5c fr.pc=0x0000018529934c90 relative=0x00000000000003b0
Event: 4.416 Thread 0x000001853eb92800 Uncommon trap: reason=speculate_null_assert action=make_not_entrant pc=0x0000018529934c90 method=org.springframework.util.ConcurrentReferenceHashMap$Segment.restructureIfNecessary(Z)V @ 41 c2
Event: 4.416 Thread 0x000001853eb92800 DEOPT PACKING pc=0x0000018529934c90 sp=0x0000004a27ffe170
Event: 4.416 Thread 0x000001853eb92800 DEOPT UNPACKING pc=0x0000018521db83af sp=0x0000004a27ffe128 mode 2
Event: 62.069 Thread 0x0000018546294800 Uncommon trap: trap_request=0xffffff4d fr.pc=0x00000185299e57e0 relative=0x00000000000001a0
Event: 62.069 Thread 0x0000018546294800 Uncommon trap: reason=unstable_if action=reinterpret pc=0x00000185299e57e0 method=org.springframework.beans.factory.support.AbstractAutowireCapableBeanFactory.determineTargetType(Ljava/lang/String;Lorg/springframework/beans/factory/support/RootBeanDefinit
Event: 62.069 Thread 0x0000018546294800 DEOPT PACKING pc=0x00000185299e57e0 sp=0x0000004a293fddf0
Event: 62.069 Thread 0x0000018546294800 DEOPT UNPACKING pc=0x0000018521db83af sp=0x0000004a293fddc8 mode 2

Classes redefined (0 events):
No events

Internal exceptions (20 events):
Event: 3.488 Thread 0x000001853eb92800 Exception <a 'java/lang/ClassNotFoundException'{0x0000000711c90bb8}: org/springframework/context/ResourceLoaderAwareCustomizer> (0x0000000711c90bb8) thrown at [./src/hotspot/share/classfile/systemDictionary.cpp, line 231]
Event: 3.489 Thread 0x000001853eb92800 Exception <a 'java/lang/ClassNotFoundException'{0x0000000711c9ae90}: org/springframework/beans/factory/AwareCustomizer> (0x0000000711c9ae90) thrown at [./src/hotspot/share/classfile/systemDictionary.cpp, line 231]
Event: 3.489 Thread 0x000001853eb92800 Exception <a 'java/lang/ClassNotFoundException'{0x0000000711ca5448}: org/springframework/context/ApplicationContextAwareCustomizer> (0x0000000711ca5448) thrown at [./src/hotspot/share/classfile/systemDictionary.cpp, line 231]
Event: 3.489 Thread 0x000001853eb92800 Exception <a 'java/lang/ClassNotFoundException'{0x0000000711cb00b0}: org/springframework/beans/factory/AwareCustomizer> (0x0000000711cb00b0) thrown at [./src/hotspot/share/classfile/systemDictionary.cpp, line 231]
Event: 3.489 Thread 0x000001853eb92800 Exception <a 'java/lang/ClassNotFoundException'{0x0000000711cba640}: org/springframework/web/context/ServletContextAwareCustomizer> (0x0000000711cba640) thrown at [./src/hotspot/share/classfile/systemDictionary.cpp, line 231]
Event: 3.490 Thread 0x000001853eb92800 Exception <a 'java/lang/ClassNotFoundException'{0x0000000711cc4d80}: org/springframework/beans/factory/AwareCustomizer> (0x0000000711cc4d80) thrown at [./src/hotspot/share/classfile/systemDictionary.cpp, line 231]
Event: 3.520 Thread 0x000001853eb92800 Exception <a 'java/lang/ClassNotFoundException'{0x0000000711aa0568}: java/lang/ObjectCustomizer> (0x0000000711aa0568) thrown at [./src/hotspot/share/classfile/systemDictionary.cpp, line 231]
Event: 3.520 Thread 0x000001853eb92800 Exception <a 'java/lang/ClassNotFoundException'{0x0000000711ab0070}: org/springframework/security/config/annotation/web/configuration/WebSecurityConfigurationCustomizer> (0x0000000711ab0070) thrown at [./src/hotspot/share/classfile/systemDictionary.cpp, line 231]
Event: 3.521 Thread 0x000001853eb92800 Exception <a 'java/lang/ClassNotFoundException'{0x0000000711ac4958}: org/springframework/context/annotation/ImportAwareCustomizer> (0x0000000711ac4958) thrown at [./src/hotspot/share/classfile/systemDictionary.cpp, line 231]
Event: 3.522 Thread 0x000001853eb92800 Exception <a 'java/lang/ClassNotFoundException'{0x0000000711ace1d8}: org/springframework/beans/factory/AwareCustomizer> (0x0000000711ace1d8) thrown at [./src/hotspot/share/classfile/systemDictionary.cpp, line 231]
Event: 3.522 Thread 0x000001853eb92800 Exception <a 'java/lang/ClassNotFoundException'{0x0000000711ad7dc8}: org/springframework/beans/factory/BeanClassLoaderAwareCustomizer> (0x0000000711ad7dc8) thrown at [./src/hotspot/share/classfile/systemDictionary.cpp, line 231]
Event: 3.523 Thread 0x000001853eb92800 Exception <a 'java/lang/ClassNotFoundException'{0x0000000711ae1658}: org/springframework/beans/factory/AwareCustomizer> (0x0000000711ae1658) thrown at [./src/hotspot/share/classfile/systemDictionary.cpp, line 231]
Event: 3.718 Thread 0x000001853eb92800 Exception <a 'java/lang/NoSuchMethodError'{0x0000000710d53a48}: 'java.lang.Object java.lang.invoke.DirectMethodHandle$Holder.invokeInterface(java.lang.Object, java.lang.Object, java.lang.Object, java.lang.Object)'> (0x0000000710d53a48) thrown at [./src/hotspot/share/interpreter/linkResolver.cpp, line 773]
Event: 3.858 Thread 0x000001853eb92800 Exception <a 'java/lang/NoSuchMethodError'{0x000000071032b880}: 'void java.lang.invoke.DirectMethodHandle$Holder.invokeVirtual(java.lang.Object, java.lang.Object, int)'> (0x000000071032b880) thrown at [./src/hotspot/share/interpreter/linkResolver.cpp, line 773]
Event: 3.990 Thread 0x000001853eb92800 Exception <a 'java/lang/NoSuchMethodError'{0x000000070fb5aa80}: 'java.lang.Object java.lang.invoke.DirectMethodHandle$Holder.invokeInterface(java.lang.Object, java.lang.Object, java.lang.Object)'> (0x000000070fb5aa80) thrown at [./src/hotspot/share/interpreter/linkResolver.cpp, line 773]
Event: 3.991 Thread 0x000001853eb92800 Exception <a 'java/lang/IncompatibleClassChangeError'{0x000000070fb5da08}: Found class java.lang.Object, but interface was expected> (0x000000070fb5da08) thrown at [./src/hotspot/share/interpreter/linkResolver.cpp, line 839]
Event: 4.037 Thread 0x000001853eb92800 Exception <a 'java/lang/NoSuchMethodError'{0x000000070f98c978}: 'int java.lang.invoke.DirectMethodHandle$Holder.invokeStaticInit(java.lang.Object, java.lang.Object, java.lang.Object, java.lang.Object)'> (0x000000070f98c978) thrown at [./src/hotspot/share/interpreter/linkResolver.cpp, line 773]
Event: 4.096 Thread 0x000001853eb92800 Exception <a 'java/lang/IncompatibleClassChangeError'{0x000000070f57b0a8}: Found class java.lang.Object, but interface was expected> (0x000000070f57b0a8) thrown at [./src/hotspot/share/interpreter/linkResolver.cpp, line 839]
Event: 4.113 Thread 0x000001853eb92800 Exception <a 'java/lang/IncompatibleClassChangeError'{0x000000070f45e710}: Found class java.lang.Object, but interface was expected> (0x000000070f45e710) thrown at [./src/hotspot/share/interpreter/linkResolver.cpp, line 839]
Event: 4.276 Thread 0x000001853eb92800 Exception <a 'java/lang/NoSuchMethodError'{0x000000070eee4050}: 'java.lang.Object java.lang.invoke.DirectMethodHandle$Holder.invokeStaticInit(java.lang.Object, java.lang.Object, java.lang.Object, java.lang.Object)'> (0x000000070eee4050) thrown at [./src/hotspot/share/interpreter/linkResolver.cpp, line 773]

Events (20 events):
Event: 62.172 loading class com/fasterxml/jackson/core/io/NumberOutput
Event: 62.172 loading class com/fasterxml/jackson/core/io/NumberOutput done
Event: 62.173 loading class com/fasterxml/jackson/databind/ser/impl/PropertySerializerMap$TypeAndSerializer
Event: 62.173 loading class com/fasterxml/jackson/databind/ser/impl/PropertySerializerMap$TypeAndSerializer done
Event: 62.174 loading class org/apache/coyote/http11/Constants
Event: 62.174 loading class org/apache/coyote/http11/Constants done
Event: 62.175 loading class org/apache/tomcat/util/buf/HexUtils
Event: 62.175 loading class org/apache/tomcat/util/buf/HexUtils done
Event: 62.175 loading class org/apache/tomcat/util/net/NioBlockingSelector$KeyReference
Event: 62.175 loading class org/apache/tomcat/util/net/NioBlockingSelector$KeyReference done
Event: 62.176 loading class org/apache/tomcat/util/net/NioBlockingSelector$BlockPoller$RunnableRemove
Event: 62.176 loading class org/apache/tomcat/util/net/NioBlockingSelector$BlockPoller$RunnableRemove done
Event: 62.176 Executing VM operation: RevokeBias
Event: 62.176 Executing VM operation: RevokeBias done
Event: 62.177 loading class org/springframework/web/context/request/WebRequest
Event: 62.177 loading class org/springframework/web/context/request/WebRequest done
Event: 62.177 loading class org/springframework/web/method/annotation/SessionAttributesHandler
Event: 62.177 loading class org/springframework/web/method/annotation/SessionAttributesHandler done
Event: 62.178 Executing VM operation: RevokeBias
Event: 62.178 Executing VM operation: RevokeBias done


Dynamic libraries:
0x00007ff77e2b0000 - 0x00007ff77e2bd000 	C:\Program Files\OpenJDK\jdk-11.0.10+9\bin\java.exe
0x00007ffb31470000 - 0x00007ffb31665000 	C:\WINDOWS\SYSTEM32\ntdll.dll
0x00007ffb31070000 - 0x00007ffb3112e000 	C:\WINDOWS\System32\KERNEL32.DLL
0x00007ffb2ec90000 - 0x00007ffb2ef58000 	C:\WINDOWS\System32\KERNELBASE.dll
0x00007ffb2eb90000 - 0x00007ffb2ec90000 	C:\WINDOWS\System32\ucrtbase.dll
0x00007ffb20cc0000 - 0x00007ffb20cd5000 	C:\Program Files\OpenJDK\jdk-11.0.10+9\bin\VCRUNTIME140.dll
0x00007ffb1d2a0000 - 0x00007ffb1d2b7000 	C:\Program Files\OpenJDK\jdk-11.0.10+9\bin\jli.dll
0x00007ffb2fde0000 - 0x00007ffb2ff81000 	C:\WINDOWS\System32\USER32.dll
0x00007ffb2ef60000 - 0x00007ffb2ef82000 	C:\WINDOWS\System32\win32u.dll
0x00007ffb07aa0000 - 0x00007ffb07d3a000 	C:\WINDOWS\WinSxS\amd64_microsoft.windows.common-controls_6595b64144ccf1df_6.0.19041.1110_none_60b5254171f9507e\COMCTL32.dll
0x00007ffb30ee0000 - 0x00007ffb30f0b000 	C:\WINDOWS\System32\GDI32.dll
0x00007ffb2fff0000 - 0x00007ffb3008e000 	C:\WINDOWS\System32\msvcrt.dll
0x00007ffb2f0f0000 - 0x00007ffb2f1fb000 	C:\WINDOWS\System32\gdi32full.dll
0x00007ffb2f020000 - 0x00007ffb2f0bd000 	C:\WINDOWS\System32\msvcp_win.dll
0x00007ffb2ffc0000 - 0x00007ffb2fff0000 	C:\WINDOWS\System32\IMM32.DLL
0x00007ffaec880000 - 0x00007ffaec91b000 	C:\Program Files\OpenJDK\jdk-11.0.10+9\bin\msvcp140.dll
0x00007ffade800000 - 0x00007ffadf343000 	C:\Program Files\OpenJDK\jdk-11.0.10+9\bin\server\jvm.dll
0x00007ffb30460000 - 0x00007ffb3050c000 	C:\WINDOWS\System32\ADVAPI32.dll
0x00007ffb30c50000 - 0x00007ffb30ceb000 	C:\WINDOWS\System32\sechost.dll
0x00007ffb312f0000 - 0x00007ffb3141a000 	C:\WINDOWS\System32\RPCRT4.dll
0x00007ffb312e0000 - 0x00007ffb312e8000 	C:\WINDOWS\System32\PSAPI.DLL
0x00007ffb0e440000 - 0x00007ffb0e449000 	C:\WINDOWS\SYSTEM32\WSOCK32.dll
0x00007ffb0fab0000 - 0x00007ffb0fad7000 	C:\WINDOWS\SYSTEM32\WINMM.dll
0x00007ffb1f710000 - 0x00007ffb1f71a000 	C:\WINDOWS\SYSTEM32\VERSION.dll
0x00007ffb302e0000 - 0x00007ffb3034b000 	C:\WINDOWS\System32\WS2_32.dll
0x00007ffb2d410000 - 0x00007ffb2d422000 	C:\WINDOWS\SYSTEM32\kernel.appcore.dll
0x00007ffb261f0000 - 0x00007ffb26200000 	C:\Program Files\OpenJDK\jdk-11.0.10+9\bin\verify.dll
0x00007ffb2c040000 - 0x00007ffb2c224000 	C:\WINDOWS\SYSTEM32\DBGHELP.DLL
0x00007ffafc000000 - 0x00007ffafc02c000 	C:\WINDOWS\SYSTEM32\dbgcore.DLL
0x00007ffb2ef90000 - 0x00007ffb2f013000 	C:\WINDOWS\System32\bcryptPrimitives.dll
0x00007ffb07600000 - 0x00007ffb07628000 	C:\Program Files\OpenJDK\jdk-11.0.10+9\bin\java.dll
0x00007ffb22ed0000 - 0x00007ffb22eda000 	C:\Program Files\OpenJDK\jdk-11.0.10+9\bin\jimage.dll
0x00007ffb22440000 - 0x00007ffb2244e000 	C:\Program Files\OpenJDK\jdk-11.0.10+9\bin\instrument.dll
0x00007ffb136b0000 - 0x00007ffb136c7000 	C:\Program Files\OpenJDK\jdk-11.0.10+9\bin\zip.dll
0x00007ffb30510000 - 0x00007ffb30c4f000 	C:\WINDOWS\System32\SHELL32.dll
0x00007ffb2cc40000 - 0x00007ffb2d3d0000 	C:\WINDOWS\SYSTEM32\windows.storage.dll
0x00007ffb2fa80000 - 0x00007ffb2fdd5000 	C:\WINDOWS\System32\combase.dll
0x00007ffb2e5e0000 - 0x00007ffb2e60e000 	C:\WINDOWS\SYSTEM32\Wldp.dll
0x00007ffb30dd0000 - 0x00007ffb30e7d000 	C:\WINDOWS\System32\SHCORE.dll
0x00007ffb30cf0000 - 0x00007ffb30d45000 	C:\WINDOWS\System32\shlwapi.dll
0x00007ffb2ead0000 - 0x00007ffb2eaef000 	C:\WINDOWS\SYSTEM32\profapi.dll
0x00007ffb08e30000 - 0x00007ffb08e49000 	C:\Program Files\OpenJDK\jdk-11.0.10+9\bin\net.dll
0x00007ffb25810000 - 0x00007ffb2591c000 	C:\WINDOWS\SYSTEM32\WINHTTP.dll
0x00007ffb2e340000 - 0x00007ffb2e3aa000 	C:\WINDOWS\system32\mswsock.dll
0x00007ffb075b0000 - 0x00007ffb075c2000 	C:\Program Files\OpenJDK\jdk-11.0.10+9\bin\nio.dll
0x00007ffb069b0000 - 0x00007ffb069ca000 	C:\Program Files\JetBrains\IntelliJ IDEA Community Edition 2020.3.2\bin\breakgen64.dll
0x00007ffb20cb0000 - 0x00007ffb20cb9000 	C:\Program Files\OpenJDK\jdk-11.0.10+9\bin\management.dll
0x00007ffb0fba0000 - 0x00007ffb0fbab000 	C:\Program Files\OpenJDK\jdk-11.0.10+9\bin\management_ext.dll
0x00007ffade5d0000 - 0x00007ffade5e7000 	C:\WINDOWS\system32\napinsp.dll
0x00007ffade5b0000 - 0x00007ffade5cb000 	C:\WINDOWS\system32\pnrpnsp.dll
0x00007ffb25f20000 - 0x00007ffb25f35000 	C:\WINDOWS\system32\wshbth.dll
0x00007ffb260a0000 - 0x00007ffb260bd000 	C:\WINDOWS\system32\NLAapi.dll
0x00007ffb2dfe0000 - 0x00007ffb2e01b000 	C:\WINDOWS\SYSTEM32\IPHLPAPI.DLL
0x00007ffb2e020000 - 0x00007ffb2e0eb000 	C:\WINDOWS\SYSTEM32\DNSAPI.dll
0x00007ffb31420000 - 0x00007ffb31428000 	C:\WINDOWS\System32\NSI.dll
0x00007ffade590000 - 0x00007ffade5a2000 	C:\WINDOWS\System32\winrnr.dll
0x00007ffb22fa0000 - 0x00007ffb22faa000 	C:\Windows\System32\rasadhlp.dll
0x00007ffb22760000 - 0x00007ffb227df000 	C:\WINDOWS\System32\fwpuclnt.dll
0x00007ffb2f0c0000 - 0x00007ffb2f0e7000 	C:\WINDOWS\System32\bcrypt.dll
0x00007ffb2e530000 - 0x00007ffb2e548000 	C:\WINDOWS\SYSTEM32\CRYPTSP.dll
0x00007ffb2dc50000 - 0x00007ffb2dc84000 	C:\WINDOWS\system32\rsaenh.dll
0x00007ffb2ea50000 - 0x00007ffb2ea7e000 	C:\WINDOWS\SYSTEM32\USERENV.dll
0x00007ffb2e550000 - 0x00007ffb2e55c000 	C:\WINDOWS\SYSTEM32\CRYPTBASE.dll
0x00007ffb23660000 - 0x00007ffb23677000 	C:\WINDOWS\SYSTEM32\dhcpcsvc6.DLL
0x00007ffb23460000 - 0x00007ffb2347d000 	C:\WINDOWS\SYSTEM32\dhcpcsvc.DLL

dbghelp: loaded successfully - version: 4.0.5 - missing functions: none
symbol engine: initialized successfully - sym options: 0x614 - pdb path: .;C:\Program Files\OpenJDK\jdk-11.0.10+9\bin;C:\WINDOWS\SYSTEM32;C:\WINDOWS\WinSxS\amd64_microsoft.windows.common-controls_6595b64144ccf1df_6.0.19041.1110_none_60b5254171f9507e;C:\Program Files\OpenJDK\jdk-11.0.10+9\bin\server;C:\Program Files\JetBrains\IntelliJ IDEA Community Edition 2020.3.2\bin

VM Arguments:
jvm_args: -javaagent:C:\Program Files\JetBrains\IntelliJ IDEA Community Edition 2020.3.2\lib\idea_rt.jar=63628:C:\Program Files\JetBrains\IntelliJ IDEA Community Edition 2020.3.2\bin -Dfile.encoding=UTF-8 
java_command: com.techelevator.Application
java_class_path (initial): C:\Users\Student\source\repos\final-capstone\team-bravo-java-blue-final-capstone\java\target\classes;C:\Users\Student\.m2\repository\org\springframework\boot\spring-boot-starter-data-jdbc\2.3.0.RELEASE\spring-boot-starter-data-jdbc-2.3.0.RELEASE.jar;C:\Users\Student\.m2\repository\org\springframework\boot\spring-boot-starter-jdbc\2.3.0.RELEASE\spring-boot-starter-jdbc-2.3.0.RELEASE.jar;C:\Users\Student\.m2\repository\com\zaxxer\HikariCP\3.4.5\HikariCP-3.4.5.jar;C:\Users\Student\.m2\repository\org\springframework\spring-jdbc\5.2.6.RELEASE\spring-jdbc-5.2.6.RELEASE.jar;C:\Users\Student\.m2\repository\org\springframework\data\spring-data-jdbc\2.0.0.RELEASE\spring-data-jdbc-2.0.0.RELEASE.jar;C:\Users\Student\.m2\repository\org\springframework\data\spring-data-relational\2.0.0.RELEASE\spring-data-relational-2.0.0.RELEASE.jar;C:\Users\Student\.m2\repository\org\springframework\data\spring-data-commons\2.3.0.RELEASE\spring-data-commons-2.3.0.RELEASE.jar;C:\Users\Student\.m2\repository\org\springframework\spring-tx\5.2.6.RELEASE\spring-tx-5.2.6.RELEASE.jar;C:\Users\Student\.m2\repository\org\springframework\spring-context\5.2.6.RELEASE\spring-context-5.2.6.RELEASE.jar;C:\Users\Student\.m2\repository\org\springframework\spring-beans\5.2.6.RELEASE\spring-beans-5.2.6.RELEASE.jar;C:\Users\Student\.m2\repository\org\slf4j\slf4j-api\1.7.30\slf4j-api-1.7.30.jar;C:\Users\Student\.m2\repository\org\springframework\boot\spring-boot-starter-security\2.3.0.RELEASE\spring-boot-starter-security-2.3.0.RELEASE.jar;C:\Users\Student\.m2\repository\org\springframework\boot\spring-boot-starter\2.3.0.RELEASE\spring-boot-starter-2.3.0.RELEASE.jar;C:\Users\Student\.m2\repository\org\springframework\boot\spring-boot-starter-logging\2.3.0.RELEASE\spring-boot-starter-logging-2.3.0.RELEASE.jar;C:\Users\Student\.m2\repository\ch\qos\logback\logback-classic\1.2.3\logback-classic-1.2.3.jar;C:\Users\Student\.m2\repository\ch\qos\logback\logback-core\1.2.3\logback-core-1.2.3.j
Launcher Type: SUN_STANDARD

[Global flags]
     intx CICompilerCount                          = 4                                         {product} {ergonomic}
     uint ConcGCThreads                            = 2                                         {product} {ergonomic}
     uint G1ConcRefinementThreads                  = 8                                         {product} {ergonomic}
   size_t G1HeapRegionSize                         = 1048576                                   {product} {ergonomic}
    uintx GCDrainStackTargetSize                   = 64                                        {product} {ergonomic}
   size_t InitialHeapSize                          = 264241152                                 {product} {ergonomic}
   size_t MarkStackSize                            = 4194304                                   {product} {ergonomic}
   size_t MaxHeapSize                              = 4225761280                                {product} {ergonomic}
   size_t MaxNewSize                               = 2535456768                                {product} {ergonomic}
   size_t MinHeapDeltaBytes                        = 1048576                                   {product} {ergonomic}
    uintx NonNMethodCodeHeapSize                   = 5836300                                {pd product} {ergonomic}
    uintx NonProfiledCodeHeapSize                  = 122910970                              {pd product} {ergonomic}
    uintx ProfiledCodeHeapSize                     = 122910970                              {pd product} {ergonomic}
    uintx ReservedCodeCacheSize                    = 251658240                              {pd product} {ergonomic}
     bool SegmentedCodeCache                       = true                                      {product} {ergonomic}
     bool UseCompressedClassPointers               = true                                 {lp64_product} {ergonomic}
     bool UseCompressedOops                        = true                                 {lp64_product} {ergonomic}
     bool UseG1GC                                  = true                                      {product} {ergonomic}
     bool UseLargePagesIndividualAllocation        = false                                  {pd product} {ergonomic}

Logging:
Log output configuration:
 #0: stdout all=warning uptime,level,tags
 #1: stderr all=off uptime,level,tags

Environment Variables:
JAVA_HOME=C:\Program Files\OpenJDK\jdk-11.0.10+9
PATH=C:\WINDOWS\system32;C:\WINDOWS;C:\WINDOWS\System32\Wbem;C:\WINDOWS\System32\WindowsPowerShell\v1.0\;C:\WINDOWS\System32\OpenSSH\;C:\ProgramData\chocolatey\bin;C:\Program Files\Git\cmd;C:\Program Files\dotnet\;C:\Program Files\Microsoft SQL Server\130\Tools\Binn\;C:\Program Files\Microsoft SQL Server\Client SDK\ODBC\170\Tools\Binn\;C:\Program Files (x86)\Microsoft SQL Server\150\Tools\Binn\;C:\Program Files\Microsoft SQL Server\150\Tools\Binn\;C:\Program Files\Microsoft SQL Server\150\DTS\Binn\;C:\Program Files (x86)\Microsoft SQL Server\150\DTS\Binn\;C:\Program Files\Azure Data Studio\bin;C:\Program Files\OpenJDK\jdk-11.0.10+9\bin;C:\Program Files\PostgreSQL\12\bin;C:\Program Files\Maven\apache-maven-3.6.3\bin;C:\Program Files\ChromeDriver;C:\Program Files\Node\node-v14.15.5-win-x64;;C:\Program Files\Microsoft VS Code\bin;C:\Users\Student\AppData\Local\Microsoft\WindowsApps;C:\Users\Student\.dotnet\tools;C:\Program Files\Azure Data Studio\bin
USERNAME=Student
OS=Windows_NT
PROCESSOR_IDENTIFIER=Intel64 Family 6 Model 140 Stepping 1, GenuineIntel



---------------  S Y S T E M  ---------------

OS: Windows 10 , 64 bit Build 19041 (10.0.19041.1348)
OS uptime: 11 days 20:41 hours

CPU:total 8 (initial active 8) (4 cores per cpu, 2 threads per core) family 6 model 140 stepping 1 microcode 0x86, cmov, cx8, fxsr, mmx, sse, sse2, sse3, ssse3, sse4.1, sse4.2, popcnt, avx, avx2, aes, clmul, erms, 3dnowpref, lzcnt, ht, tsc, tscinvbit, bmi1, bmi2, adx, evex, sha, fma

Memory: 4k page, system-wide physical 16113M (3441M free)
TotalPageFile size 19205M (AvailPageFile size 4M)
current process WorkingSet (physical memory assigned to process): 257M, peak: 318M
current process commit charge ("private bytes"): 425M, peak: 486M

vm_info: OpenJDK 64-Bit Server VM (11.0.10+9) for windows-amd64 JRE (11.0.10+9), built on Jan 20 2021 06:07:07 by "" with MS VC++ 15.9 (VS2017)

END.
